Компиляция ядра и оболочки...
Линковка...
=== Проверка бинарника ===
Размер файла: 19664 байт
Секции:
There are 10 section headers, starting at offset 0x4b40:

Section Headers:
  [Nr] Name              Type            Addr     Off    Size   ES Flg Lk Inf Al
  [ 0]                   NULL            00000000 000000 000000 00      0   0  0
  [ 1] .multiboot2       PROGBITS        00100000 001000 00001c 00   A  0   0  8
  [ 2] .eh_frame         PROGBITS        0010001c 00101c 0005bc 00   A  0   0  4
  [ 3] .text             PROGBITS        00101000 002000 0013bf 00  AX  0   0 4096
  [ 4] .data             PROGBITS        00103000 004000 0003d1 00  WA  0   0 4096
  [ 5] .bss              NOBITS          00104000 0043d1 11152a 00  WA  0   0 4096
  [ 6] .comment          PROGBITS        00000000 0043d1 000025 01  MS  0   0  1
  [ 7] .symtab           SYMTAB          00000000 0043f8 000480 10      8  26  4
  [ 8] .strtab           STRTAB          00000000 004878 00027b 00      0   0  1
  [ 9] .shstrtab         STRTAB          00000000 004af3 00004b 00      0   0  1
Key to Flags:
  W (write), A (alloc), X (execute), M (merge), S (strings), I (info),
  L (link order), O (extra OS processing required), G (group), T (TLS),
  C (compressed), x (unknown), o (OS specific), E (exclude),
  D (mbind), p (processor specific)
Создание ISO...
Запуск QEMU...
